# JRE version: Java(TM) SE Runtime Environment (17.0.8+9) (build 17.0.8+9-LTS-211)
# Java VM: Java HotSpot(TM) 64-Bit Server VM (17.0.8+9-LTS-211, mixed mode, sharing, tiered, compressed oops, compressed class ptrs, g1 gc, windows-amd64)
GC Precious Log:
 CPUs: 4 total, 4 available
 Memory: 7971M
 Large Page Support: Disabled
 NUMA Support: Disabled
 Compressed Oops: Enabled (32-bit)
 Heap Region Size: 1M
 Heap Min Capacity: 8M
 Heap Initial Capacity: 126M
 Heap Max Capacity: 1994M
 Pre-touch: Disabled
 Parallel Workers: 4
 Concurrent Workers: 1
 Concurrent Refinement Workers: 4
 Periodic GC: Disabled
Heap:
 garbage-first heap   total 70656K, used 51283K [0x0000000083600000, 0x0000000100000000)
  region size 1024K, 22 young (22528K), 1 survivors (1024K)
 Metaspace       used 69000K, committed 69504K, reserved 1114112K
  class space    used 9007K, committed 9280K, reserved 1048576K
GC Heap History (20 events):
Event: 1081.672 GC heap before
{Heap before GC invocations=26 (full 0):
 garbage-first heap   total 70656K, used 60445K [0x0000000083600000, 0x0000000100000000)
  region size 1024K, 31 young (31744K), 2 survivors (2048K)
 Metaspace       used 68903K, committed 69440K, reserved 1114112K
  class space    used 9006K, committed 9280K, reserved 1048576K
}
Event: 1081.683 GC heap after
{Heap after GC invocations=27 (full 0):
 garbage-first heap   total 70656K, used 30637K [0x0000000083600000, 0x0000000100000000)
  region size 1024K, 2 young (2048K), 2 survivors (2048K)
 Metaspace       used 68903K, committed 69440K, reserved 1114112K
  class space    used 9006K, committed 9280K, reserved 1048576K
}
Event: 1084.149 GC heap before
{Heap before GC invocations=27 (full 0):
 garbage-first heap   total 70656K, used 60333K [0x0000000083600000, 0x0000000100000000)
  region size 1024K, 31 young (31744K), 2 survivors (2048K)
 Metaspace       used 68911K, committed 69440K, reserved 1114112K
  class space    used 9006K, committed 9280K, reserved 1048576K
}
Event: 1084.154 GC heap after
{Heap after GC invocations=28 (full 0):
 garbage-first heap   total 70656K, used 30713K [0x0000000083600000, 0x0000000100000000)
  region size 1024K, 2 young (2048K), 2 survivors (2048K)
 Metaspace       used 68911K, committed 69440K, reserved 1114112K
  class space    used 9006K, committed 9280K, reserved 1048576K
}
Event: 1113.664 GC heap before
{Heap before GC invocations=28 (full 0):
 garbage-first heap   total 70656K, used 59385K [0x0000000083600000, 0x0000000100000000)
  region size 1024K, 31 young (31744K), 2 survivors (2048K)
 Metaspace       used 68912K, committed 69440K, reserved 1114112K
  class space    used 9006K, committed 9280K, reserved 1048576K
}
Event: 1113.671 GC heap after
{Heap after GC invocations=29 (full 0):
 garbage-first heap   total 70656K, used 30810K [0x0000000083600000, 0x0000000100000000)
  region size 1024K, 2 young (2048K), 2 survivors (2048K)
 Metaspace       used 68912K, committed 69440K, reserved 1114112K
  class space    used 9006K, committed 9280K, reserved 1048576K
}
Event: 1116.834 GC heap before
{Heap before GC invocations=29 (full 0):
 garbage-first heap   total 70656K, used 60506K [0x0000000083600000, 0x0000000100000000)
  region size 1024K, 31 young (31744K), 2 survivors (2048K)
 Metaspace       used 68950K, committed 69504K, reserved 1114112K
  class space    used 9007K, committed 9280K, reserved 1048576K
}
Event: 1116.840 GC heap after
{Heap after GC invocations=30 (full 0):
 garbage-first heap   total 70656K, used 30761K [0x0000000083600000, 0x0000000100000000)
  region size 1024K, 2 young (2048K), 2 survivors (2048K)
 Metaspace       used 68950K, committed 69504K, reserved 1114112K
  class space    used 9007K, committed 9280K, reserved 1048576K
}
Event: 1120.443 GC heap before
{Heap before GC invocations=30 (full 0):
 garbage-first heap   total 70656K, used 60457K [0x0000000083600000, 0x0000000100000000)
  region size 1024K, 31 young (31744K), 2 survivors (2048K)
 Metaspace       used 68987K, committed 69504K, reserved 1114112K
  class space    used 9007K, committed 9280K, reserved 1048576K
}
Event: 1120.448 GC heap after
{Heap after GC invocations=31 (full 0):
 garbage-first heap   total 70656K, used 30746K [0x0000000083600000, 0x0000000100000000)
  region size 1024K, 2 young (2048K), 2 survivors (2048K)
 Metaspace       used 68987K, committed 69504K, reserved 1114112K
  class space    used 9007K, committed 9280K, reserved 1048576K
}
Event: 1123.134 GC heap before
{Heap before GC invocations=31 (full 0):
 garbage-first heap   total 70656K, used 60442K [0x0000000083600000, 0x0000000100000000)
  region size 1024K, 31 young (31744K), 2 survivors (2048K)
 Metaspace       used 68993K, committed 69504K, reserved 1114112K
  class space    used 9007K, committed 9280K, reserved 1048576K
}
Event: 1123.140 GC heap after
{Heap after GC invocations=32 (full 0):
 garbage-first heap   total 70656K, used 30810K [0x0000000083600000, 0x0000000100000000)
  region size 1024K, 2 young (2048K), 2 survivors (2048K)
 Metaspace       used 68993K, committed 69504K, reserved 1114112K
  class space    used 9007K, committed 9280K, reserved 1048576K
}
Event: 1126.385 GC heap before
{Heap before GC invocations=32 (full 0):
 garbage-first heap   total 70656K, used 60506K [0x0000000083600000, 0x0000000100000000)
  region size 1024K, 31 young (31744K), 2 survivors (2048K)
 Metaspace       used 68993K, committed 69504K, reserved 1114112K
  class space    used 9007K, committed 9280K, reserved 1048576K
}
Event: 1126.394 GC heap after
{Heap after GC invocations=33 (full 0):
 garbage-first heap   total 70656K, used 30778K [0x0000000083600000, 0x0000000100000000)
  region size 1024K, 2 young (2048K), 2 survivors (2048K)
 Metaspace       used 68993K, committed 69504K, reserved 1114112K
  class space    used 9007K, committed 9280K, reserved 1048576K
}
Event: 1129.907 GC heap before
{Heap before GC invocations=33 (full 0):
 garbage-first heap   total 70656K, used 60474K [0x0000000083600000, 0x0000000100000000)
  region size 1024K, 31 young (31744K), 2 survivors (2048K)
 Metaspace       used 68997K, committed 69504K, reserved 1114112K
  class space    used 9007K, committed 9280K, reserved 1048576K
}
Event: 1129.913 GC heap after
{Heap after GC invocations=34 (full 0):
 garbage-first heap   total 70656K, used 30796K [0x0000000083600000, 0x0000000100000000)
  region size 1024K, 2 young (2048K), 2 survivors (2048K)
 Metaspace       used 68997K, committed 69504K, reserved 1114112K
  class space    used 9007K, committed 9280K, reserved 1048576K
}
Event: 1133.450 GC heap before
{Heap before GC invocations=34 (full 0):
 garbage-first heap   total 70656K, used 60492K [0x0000000083600000, 0x0000000100000000)
  region size 1024K, 31 young (31744K), 2 survivors (2048K)
 Metaspace       used 68997K, committed 69504K, reserved 1114112K
  class space    used 9007K, committed 9280K, reserved 1048576K
}
Event: 1133.457 GC heap after
{Heap after GC invocations=35 (full 0):
 garbage-first heap   total 70656K, used 30775K [0x0000000083600000, 0x0000000100000000)
  region size 1024K, 2 young (2048K), 2 survivors (2048K)
 Metaspace       used 68997K, committed 69504K, reserved 1114112K
  class space    used 9007K, committed 9280K, reserved 1048576K
}
Event: 1135.651 GC heap before
{Heap before GC invocations=35 (full 0):
 garbage-first heap   total 70656K, used 59447K [0x0000000083600000, 0x0000000100000000)
  region size 1024K, 30 young (30720K), 2 survivors (2048K)
 Metaspace       used 69000K, committed 69504K, reserved 1114112K
  class space    used 9007K, committed 9280K, reserved 1048576K
}
Event: 1135.659 GC heap after
{Heap after GC invocations=36 (full 0):
 garbage-first heap   total 70656K, used 30803K [0x0000000083600000, 0x0000000100000000)
  region size 1024K, 1 young (1024K), 1 survivors (1024K)
 Metaspace       used 69000K, committed 69504K, reserved 1114112K
  class space    used 9007K, committed 9280K, reserved 1048576K
}

